2023/07/03 20:06:47 日志系统已可用,开始激活主框架
2023/07/03 20:06:47 固定时区为 CST +8:00
2023/07/03 20:06:47 启用 Omega Reactor 反应核心
2023/07/03 20:06:47 [30;42m[30;42m SUCCESS [0m[0m [32m[32m镜像存档@omega_storage/worlds/current[0m[0m
2023/07/03 20:06:47 读取配置文件中...
2023/07/03 20:06:48 启用 Game Ctrl 模块
2023/07/03 20:06:48 初始化 Context ...
2023/07/03 20:06:48 初始化组件 ...
2023/07/03 20:06:48 [30;42m[30;42m SUCCESS [0m[0m [32m[32m	正在加载组件   1/ 82 [Core] 假死检测@0.0.1[0m[0m
2023/07/03 20:06:48 [30;42m[30;42m SUCCESS [0m[0m [32m[32m	正在加载组件   2/ 82 [Built-In] 返回主城@0.0.1[0m[0m
2023/07/03 20:06:48 [30;42m[30;42m SUCCESS [0m[0m [32m[32m	正在加载组件   3/ 82 [Core] 改名记录@0.0.1[0m[0m
2023/07/03 20:06:48 [30;42m[30;42m SUCCESS [0m[0m [32m[32m	正在加载组件   4/ 82 [Built-In] 设置重生点@0.0.1[0m[0m
2023/07/03 20:06:48 [30;42m[30;42m SUCCESS [0m[0m [32m[32m	正在加载组件   5/ 82 [Built-In] 玩家自杀@0.0.1[0m[0m
2023/07/03 20:06:48 [30;42m[30;42m SUCCESS [0m[0m [32m[32m	正在加载组件   6/ 82 [Built-In] 32k方块检测@0.0.1[0m[0m
2023/07/03 20:06:48 [30;43m[30;43m WARNING [0m[0m [33m[33m	跳过加载组件   7/ 82 [Built-In] OP权限模拟@0.0.1[0m[0m
2023/07/03 20:06:48 [30;42m[30;42m SUCCESS [0m[0m [32m[32m	正在加载组件   8/ 82 [Core] OP权限自检@0.0.1[0m[0m
2023/07/03 20:06:48 [30;43m[30;43m WARNING [0m[0m [33m[33m	跳过加载组件   9/ 82 [Built-In] OmegaSide旁加载组件系统@0.0.2[0m[0m
2023/07/03 20:06:48 [30;42m[30;42m SUCCESS [0m[0m [32m[32m	正在加载组件  10/ 82 [Core] lua插件支持@0.0.2[0m[0m
2023/07/03 20:06:48 [30;43m[30;43m WARNING [0m[0m [33m[33m	跳过加载组件  11/ 82 [Built-In] 兑换码@0.0.2[0m[0m
2023/07/03 20:06:48 [30;42m[30;42m SUCCESS [0m[0m [32m[32m	正在加载组件  12/ 82 [Built-In] 入服欢迎@0.0.1[0m[0m
2023/07/03 20:06:48 [30;42m[30;42m SUCCESS [0m[0m [32m[32m	正在加载组件  13/ 82 [Built-In] 切换@0.0.2[0m[0m
2023/07/03 20:06:48 [30;43m[30;43m WARNING [0m[0m [33m[33m	跳过加载组件  14/ 82 [Built-In] 切换@0.0.2[0m[0m
2023/07/03 20:06:48 [30;43m[30;43m WARNING [0m[0m [33m[33m	跳过加载组件  15/ 82 [Built-In] 切换@0.0.2[0m[0m
2023/07/03 20:06:48 [30;42m[30;42m SUCCESS [0m[0m [32m[32m	正在加载组件  16/ 82 [Built-In] 刷怪笼检测@0.0.1[0m[0m
2023/07/03 20:06:48 [30;42m[30;42m SUCCESS [0m[0m [32m[32m	正在加载组件  17/ 82 [Built-In] 区域扫描@0.0.1[0m[0m
2023/07/03 20:06:48 [30;42m[30;42m SUCCESS [0m[0m [32m[32m	正在加载组件  18/ 82 [Built-In] 反馈信息@0.0.1[0m[0m
2023/07/03 20:06:48 [30;42m[30;42m SUCCESS [0m[0m [32m[32m	正在加载组件  19/ 82 [Built-In] 发言频率限制@0.0.1[0m[0m
2023/07/03 20:06:48 [30;42m[30;42m SUCCESS [0m[0m [32m[32m	正在加载组件  20/ 82 [Built-In] 同步退出@0.0.1[0m[0m
2023/07/03 20:06:48 [30;42m[30;42m SUCCESS [0m[0m [32m[32m	正在加载组件  21/ 82 [Built-In] 商店@0.0.1[0m[0m
2023/07/03 20:06:48 5 商品已加载
2023/07/03 20:06:48 [30;43m[30;43m WARNING [0m[0m [33m[33m	跳过加载组件  22/ 82 [Built-In] 存档修复@0.0.1[0m[0m
2023/07/03 20:06:48 [30;43m[30;43m WARNING [0m[0m [33m[33m	跳过加载组件  23/ 82 [Built-In] 封禁时间@0.0.1[0m[0m
2023/07/03 20:06:48 [30;42m[30;42m SUCCESS [0m[0m [32m[32m	正在加载组件  24/ 82 [Built-In] 小木斧@0.0.1[0m[0m
2023/07/03 20:06:48 [30;43m[30;43m WARNING [0m[0m [33m[33m	跳过加载组件  25/ 82 [Built-In] 小说阅读器@0.0.1[0m[0m
2023/07/03 20:06:48 [30;43m[30;43m WARNING [0m[0m [33m[33m	跳过加载组件  26/ 82 [Built-In] 快递系统@0.0.1[0m[0m
2023/07/03 20:06:48 [30;42m[30;42m SUCCESS [0m[0m [32m[32m	正在加载组件  27/ 82 [Core] 性能分析@0.0.1[0m[0m
2023/07/03 20:06:48 [30;42m[30;42m SUCCESS [0m[0m [32m[32m	正在加载组件  28/ 82 [Built-In] 手持32k检测@0.0.1[0m[0m
2023/07/03 20:06:48 [30;42m[30;42m SUCCESS [0m[0m [32m[32m	正在加载组件  29/ 82 [Core] 指令发送@0.0.2[0m[0m
2023/07/03 20:06:48 [30;43m[30;43m WARNING [0m[0m [33m[33m	跳过加载组件  30/ 82 [Built-In] 排行榜@0.0.2[0m[0m
2023/07/03 20:06:48 [30;43m[30;43m WARNING [0m[0m [33m[33m	跳过加载组件  31/ 82 [Built-In] 数据包捕获@0.0.2[0m[0m
2023/07/03 20:06:48 [30;42m[30;42m SUCCESS [0m[0m [32m[32m	正在加载组件  32/ 82 [Core] 数据库导入导出工具@0.0.1[0m[0m
2023/07/03 20:06:48 [30;42m[30;42m SUCCESS [0m[0m [32m[32m	正在加载组件  33/ 82 [Built-In] 时间同步@0.0.1[0m[0m
2023/07/03 20:06:48 [30;43m[30;43m WARNING [0m[0m [33m[33m	跳过加载组件  34/ 82 [Built-In] 服服互通@0.0.5[0m[0m
2023/07/03 20:06:48 [30;43m[30;43m WARNING [0m[0m [33m[33m	跳过加载组件  35/ 82 [Built-In] 每日签到@0.0.1[0m[0m
2023/07/03 20:06:48 [30;43m[30;43m WARNING [0m[0m [33m[33m	跳过加载组件  36/ 82 [Built-In] 消除方块@0.0.1[0m[0m
2023/07/03 20:06:48 [30;42m[30;42m SUCCESS [0m[0m [32m[32m	正在加载组件  37/ 82 [Built-In] 物品回收@0.0.1[0m[0m
2023/07/03 20:06:48 4 回收项目已加载
2023/07/03 20:06:48 [30;42m[30;42m SUCCESS [0m[0m [32m[32m	正在加载组件  38/ 82 [Built-In] 玩家互传@0.0.1[0m[0m
2023/07/03 20:06:48 [30;42m[30;42m SUCCESS [0m[0m [32m[32m	正在加载组件  39/ 82 [Built-In] 玩家信息@0.0.1[0m[0m
2023/07/03 20:06:48 [30;43m[30;43m WARNING [0m[0m [33m[33m	跳过加载组件  40/ 82 [Built-In] 玩家商店@0.0.1[0m[0m
2023/07/03 20:06:48 [30;42m[30;42m SUCCESS [0m[0m [32m[32m	正在加载组件  41/ 82 [Built-In] 玩家留言@0.0.1[0m[0m
2023/07/03 20:06:48 [30;42m[30;42m SUCCESS [0m[0m [32m[32m	正在加载组件  42/ 82 [Built-In] 玩家转账@0.0.1[0m[0m
2023/07/03 20:06:48 [30;43m[30;43m WARNING [0m[0m [33m[33m	跳过加载组件  43/ 82 [Built-In] 皮肤检查@0.0.2[0m[0m
2023/07/03 20:06:48 [30;43m[30;43m WARNING [0m[0m [33m[33m	跳过加载组件  44/ 82 [Built-In] 第三方_by温柔_优化版本雪球菜单组件@0.0.1[0m[0m
2023/07/03 20:06:48 [30;43m[30;43m WARNING [0m[0m [33m[33m	跳过加载组件  45/ 82 [Built-In] 第三方_by温柔_地皮组件@0.0.1[0m[0m
2023/07/03 20:06:48 [30;42m[30;42m SUCCESS [0m[0m [32m[32m	正在加载组件  46/ 82 [Built-In] 简单自定义指令@0.0.2[0m[0m
2023/07/03 20:06:48 [30;42m[30;42m SUCCESS [0m[0m [32m[32m	正在加载组件  47/ 82 [Built-In] 简单自定义指令@0.0.2[0m[0m
2023/07/03 20:06:48 [30;43m[30;43m WARNING [0m[0m [33m[33m	跳过加载组件  48/ 82 [Built-In] 管理员检测@0.0.1[0m[0m
2023/07/03 20:06:48 [30;42m[30;42m SUCCESS [0m[0m [32m[32m	正在加载组件  49/ 82 [Built-In] 系统上线提示@0.0.1[0m[0m
2023/07/03 20:06:48 [30;42m[30;42m SUCCESS [0m[0m [32m[32m	正在加载组件  50/ 82 [Built-In] 统一导入系统@0.0.4[0m[0m
2023/07/03 20:06:48 [30;42m[30;42m SUCCESS [0m[0m [32m[32m	正在加载组件  51/ 82 [Built-In] 统一导出系统@0.0.2[0m[0m
2023/07/03 20:06:48 [30;43m[30;43m WARNING [0m[0m [33m[33m	跳过加载组件  52/ 82 [Built-In] 群服互通@0.0.2[0m[0m
2023/07/03 20:06:48 [30;42m[30;42m SUCCESS [0m[0m [32m[32m	正在加载组件  53/ 82 [Built-In] 聊天记录@0.0.1[0m[0m
2023/07/03 20:06:48 [30;42m[30;42m SUCCESS [0m[0m [32m[32m	正在加载组件  54/ 82 [Built-In] 自助建筑备份@0.0.1[0m[0m
2023/07/03 20:06:48 [30;42m[30;42m SUCCESS [0m[0m [32m[32m	正在加载组件  55/ 82 [Built-In] 自定义传送点@0.0.2[0m[0m
2023/07/03 20:06:48 [30;42m[30;42m SUCCESS [0m[0m [32m[32m	正在加载组件  56/ 82 [Core] 菜单显示@0.0.2[0m[0m
2023/07/03 20:06:48 [30;43m[30;43m WARNING [0m[0m [33m[33m	跳过加载组件  57/ 82 [Built-In] 计分板UID追踪@0.0.1[0m[0m
2023/07/03 20:06:48 [30;42m[30;42m SUCCESS [0m[0m [32m[32m	正在加载组件  58/ 82 [Built-In] 计划任务@0.0.1[0m[0m
2023/07/03 20:06:48 [30;42m[30;42m SUCCESS [0m[0m [32m[32m	正在加载组件  59/ 82 [Built-In] 计划任务@0.0.1[0m[0m
2023/07/03 20:06:48 [30;43m[30;43m WARNING [0m[0m [33m[33m	跳过加载组件  60/ 82 [Built-In] 计划任务@0.0.1[0m[0m
2023/07/03 20:06:48 [30;42m[30;42m SUCCESS [0m[0m [32m[32m	正在加载组件  61/ 82 [Built-In] 计划任务@0.0.1[0m[0m
2023/07/03 20:06:48 [30;42m[30;42m SUCCESS [0m[0m [32m[32m	正在加载组件  62/ 82 [Built-In] 踢人@0.0.1[0m[0m
2023/07/03 20:06:48 [30;42m[30;42m SUCCESS [0m[0m [32m[32m	正在加载组件  63/ 82 [Built-In] 返回死亡点@0.0.1[0m[0m
2023/07/03 20:06:48 [30;43m[30;43m WARNING [0m[0m [33m[33m	跳过加载组件  64/ 82 [Built-In] 违规昵称检测@0.0.1[0m[0m
2023/07/03 20:06:48 [30;42m[30;42m SUCCESS [0m[0m [32m[32m	正在加载组件  65/ 82 [Core] 随机巡逻@0.0.2[0m[0m
2023/07/03 20:06:48 [30;43m[30;43m WARNING [0m[0m [33m[33m	跳过加载组件  66/ 82 [Built-In] 高频红石检查@0.0.1[0m[0m
2023/07/03 20:06:48 [30;43m[30;43m WARNING [0m[0m [33m[33m	跳过加载组件  67/ 82 [第三方] 2401PT::喵喵喵@0.0.1[0m[0m
2023/07/03 20:06:48 [30;43m[30;43m WARNING [0m[0m [33m[33m	跳过加载组件  68/ 82 [第三方] Happy2018new::记录方块改动日志@0.0.1[0m[0m
2023/07/03 20:06:48 [30;43m[30;43m WARNING [0m[0m [33m[33m	跳过加载组件  69/ 82 [第三方] Liliya233::入睡检测@0.0.1[0m[0m
2023/07/03 20:06:48 [30;43m[30;43m WARNING [0m[0m [33m[33m	跳过加载组件  70/ 82 [第三方] Liliya233::挂机检测@0.0.1[0m[0m
2023/07/03 20:06:48 [30;43m[30;43m WARNING [0m[0m [33m[33m	跳过加载组件  71/ 82 [第三方] Liliya233::能力管理@0.0.1[0m[0m
2023/07/03 20:06:48 [30;43m[30;43m WARNING [0m[0m [33m[33m	跳过加载组件  72/ 82 [第三方] Liliya233::选取方块@0.0.1[0m[0m
2023/07/03 20:06:48 [30;43m[30;43m WARNING [0m[0m [33m[33m	跳过加载组件  73/ 82 [第三方] Liliya233::频服互通@0.0.1[0m[0m
2023/07/03 20:06:48 [30;43m[30;43m WARNING [0m[0m [33m[33m	跳过加载组件  74/ 82 [第三方] 温柔::Pvp系统@0.0.2[0m[0m
2023/07/03 20:06:48 [30;43m[30;43m WARNING [0m[0m [33m[33m	跳过加载组件  75/ 82 [第三方] 温柔::抽奖@0.0.6[0m[0m
2023/07/03 20:06:48 [30;43m[30;43m WARNING [0m[0m [33m[33m	跳过加载组件  76/ 82 [第三方] 温柔::无前缀简单自定义指令@0.0.1[0m[0m
2023/07/03 20:06:48 [30;43m[30;43m WARNING [0m[0m [33m[33m	跳过加载组件  77/ 82 [第三方] 温柔::王国系统@0.0.1[0m[0m
2023/07/03 20:06:48 [30;43m[30;43m WARNING [0m[0m [33m[33m	跳过加载组件  78/ 82 [第三方] 温柔::空岛系统@0.0.1[0m[0m
2023/07/03 20:06:48 [30;43m[30;43m WARNING [0m[0m [33m[33m	跳过加载组件  79/ 82 [第三方] 温柔::自定义附魔升级系统@0.0.1[0m[0m
2023/07/03 20:06:48 [30;43m[30;43m WARNING [0m[0m [33m[33m	跳过加载组件  80/ 82 [第三方] 温柔::虚拟称号系统@0.0.2[0m[0m
2023/07/03 20:06:48 [30;43m[30;43m WARNING [0m[0m [33m[33m	跳过加载组件  81/ 82 [第三方] 温柔::虚拟装备系统@0.0.2[0m[0m
2023/07/03 20:06:48 [30;43m[30;43m WARNING [0m[0m [33m[33m	跳过加载组件  82/ 82 [第三方] 温柔::银行系统@0.0.2[0m[0m
2023/07/03 20:06:48 激活组件并挂载组件 Post Process Task ...
2023/07/03 20:06:48 全部完成，系统启动
2023/07/03 20:06:48 [30;46m[30;46m INFO [0m[0m [96m[96m计划任务 每小时报时 将于 3191 秒后 (2023-07-03 21:00:00) 第一次执行，随后每隔 3600 秒执行一次[0m[0m
2023/07/03 20:06:48 [30;46m[30;46m INFO [0m[0m [96m[96m计划任务 刷新一个名为 OMEGA签到 的计分板 将于 13991 秒后 (2023-07-04 00:00:00) 第一次执行，随后每隔 86400 秒执行一次[0m[0m
2023/07/03 20:06:48 返回死亡点需要关闭立即重生
2023/07/03 20:06:50 [2] :§e%multiplayer.player.joined (xingchentye)
2023/07/03 20:06:53 当前已经在线玩家: [Miasfbgexf xingchentye]
2023/07/03 20:07:28 [2] :§e%multiplayer.player.left (xingchentye)
2023/07/03 20:07:28 logout xingchentye 00000000-0000-4000-8000-000019b5b348 (0.6m)
2023/07/03 20:11:55 日志系统已可用,开始激活主框架
2023/07/03 20:11:56 固定时区为 CST +8:00
2023/07/03 20:11:56 启用 Omega Reactor 反应核心
2023/07/03 20:11:56 [30;42m[30;42m SUCCESS [0m[0m [32m[32m镜像存档@omega_storage/worlds/current[0m[0m
2023/07/03 20:11:56 读取配置文件中...
2023/07/03 20:11:57 启用 Game Ctrl 模块
2023/07/03 20:11:57 初始化 Context ...
2023/07/03 20:11:57 初始化组件 ...
2023/07/03 20:11:57 [30;42m[30;42m SUCCESS [0m[0m [32m[32m	正在加载组件   1/ 82 [Core] 假死检测@0.0.1[0m[0m
2023/07/03 20:11:57 [30;43m[30;43m WARNING [0m[0m [33m[33m	跳过加载组件   2/ 82 [Built-In] 返回主城@0.0.1[0m[0m
2023/07/03 20:11:57 [30;42m[30;42m SUCCESS [0m[0m [32m[32m	正在加载组件   3/ 82 [Core] 改名记录@0.0.1[0m[0m
2023/07/03 20:11:57 [30;43m[30;43m WARNING [0m[0m [33m[33m	跳过加载组件   4/ 82 [Built-In] 设置重生点@0.0.1[0m[0m
2023/07/03 20:11:57 [30;43m[30;43m WARNING [0m[0m [33m[33m	跳过加载组件   5/ 82 [Built-In] 玩家自杀@0.0.1[0m[0m
2023/07/03 20:11:57 [30;42m[30;42m SUCCESS [0m[0m [32m[32m	正在加载组件   6/ 82 [Built-In] 32k方块检测@0.0.1[0m[0m
2023/07/03 20:11:57 [30;43m[30;43m WARNING [0m[0m [33m[33m	跳过加载组件   7/ 82 [Built-In] OP权限模拟@0.0.1[0m[0m
2023/07/03 20:11:57 [30;42m[30;42m SUCCESS [0m[0m [32m[32m	正在加载组件   8/ 82 [Core] OP权限自检@0.0.1[0m[0m
2023/07/03 20:11:57 [30;42m[30;42m SUCCESS [0m[0m [32m[32m	正在加载组件   9/ 82 [Built-In] OmegaSide旁加载组件系统@0.0.2[0m[0m
2023/07/03 20:11:58 [30;42m[30;42m SUCCESS [0m[0m [32m[32m	正在加载组件  10/ 82 [Core] lua插件支持@0.0.2[0m[0m
2023/07/03 20:11:58 [30;43m[30;43m WARNING [0m[0m [33m[33m	跳过加载组件  11/ 82 [Built-In] 兑换码@0.0.2[0m[0m
2023/07/03 20:11:58 [30;43m[30;43m WARNING [0m[0m [33m[33m	跳过加载组件  12/ 82 [Built-In] 入服欢迎@0.0.1[0m[0m
2023/07/03 20:11:58 [30;43m[30;43m WARNING [0m[0m [33m[33m	跳过加载组件  13/ 82 [Built-In] 切换@0.0.2[0m[0m
2023/07/03 20:11:58 [30;43m[30;43m WARNING [0m[0m [33m[33m	跳过加载组件  14/ 82 [Built-In] 切换@0.0.2[0m[0m
2023/07/03 20:11:58 [30;43m[30;43m WARNING [0m[0m [33m[33m	跳过加载组件  15/ 82 [Built-In] 切换@0.0.2[0m[0m
2023/07/03 20:11:58 [30;43m[30;43m WARNING [0m[0m [33m[33m	跳过加载组件  16/ 82 [Built-In] 刷怪笼检测@0.0.1[0m[0m
2023/07/03 20:11:58 [30;43m[30;43m WARNING [0m[0m [33m[33m	跳过加载组件  17/ 82 [Built-In] 区域扫描@0.0.1[0m[0m
2023/07/03 20:11:58 [30;43m[30;43m WARNING [0m[0m [33m[33m	跳过加载组件  18/ 82 [Built-In] 反馈信息@0.0.1[0m[0m
2023/07/03 20:11:58 [30;43m[30;43m WARNING [0m[0m [33m[33m	跳过加载组件  19/ 82 [Built-In] 发言频率限制@0.0.1[0m[0m
2023/07/03 20:11:58 [30;43m[30;43m WARNING [0m[0m [33m[33m	跳过加载组件  20/ 82 [Built-In] 同步退出@0.0.1[0m[0m
2023/07/03 20:11:58 [30;43m[30;43m WARNING [0m[0m [33m[33m	跳过加载组件  21/ 82 [Built-In] 商店@0.0.1[0m[0m
2023/07/03 20:11:58 [30;43m[30;43m WARNING [0m[0m [33m[33m	跳过加载组件  22/ 82 [Built-In] 存档修复@0.0.1[0m[0m
2023/07/03 20:11:58 [30;43m[30;43m WARNING [0m[0m [33m[33m	跳过加载组件  23/ 82 [Built-In] 封禁时间@0.0.1[0m[0m
2023/07/03 20:11:58 [30;43m[30;43m WARNING [0m[0m [33m[33m	跳过加载组件  24/ 82 [Built-In] 小木斧@0.0.1[0m[0m
2023/07/03 20:11:58 [30;43m[30;43m WARNING [0m[0m [33m[33m	跳过加载组件  25/ 82 [Built-In] 小说阅读器@0.0.1[0m[0m
2023/07/03 20:11:58 [30;43m[30;43m WARNING [0m[0m [33m[33m	跳过加载组件  26/ 82 [Built-In] 快递系统@0.0.1[0m[0m
2023/07/03 20:11:58 [30;42m[30;42m SUCCESS [0m[0m [32m[32m	正在加载组件  27/ 82 [Core] 性能分析@0.0.1[0m[0m
2023/07/03 20:11:58 [30;43m[30;43m WARNING [0m[0m [33m[33m	跳过加载组件  28/ 82 [Built-In] 手持32k检测@0.0.1[0m[0m
2023/07/03 20:11:58 [30;42m[30;42m SUCCESS [0m[0m [32m[32m	正在加载组件  29/ 82 [Core] 指令发送@0.0.2[0m[0m
2023/07/03 20:11:58 [30;43m[30;43m WARNING [0m[0m [33m[33m	跳过加载组件  30/ 82 [Built-In] 排行榜@0.0.2[0m[0m
2023/07/03 20:11:58 [30;43m[30;43m WARNING [0m[0m [33m[33m	跳过加载组件  31/ 82 [Built-In] 数据包捕获@0.0.2[0m[0m
2023/07/03 20:11:58 [30;42m[30;42m SUCCESS [0m[0m [32m[32m	正在加载组件  32/ 82 [Core] 数据库导入导出工具@0.0.1[0m[0m
2023/07/03 20:11:58 [30;43m[30;43m WARNING [0m[0m [33m[33m	跳过加载组件  33/ 82 [Built-In] 时间同步@0.0.1[0m[0m
2023/07/03 20:11:58 [30;43m[30;43m WARNING [0m[0m [33m[33m	跳过加载组件  34/ 82 [Built-In] 服服互通@0.0.5[0m[0m
2023/07/03 20:11:58 [30;43m[30;43m WARNING [0m[0m [33m[33m	跳过加载组件  35/ 82 [Built-In] 每日签到@0.0.1[0m[0m
2023/07/03 20:11:58 [30;43m[30;43m WARNING [0m[0m [33m[33m	跳过加载组件  36/ 82 [Built-In] 消除方块@0.0.1[0m[0m
2023/07/03 20:11:58 [30;43m[30;43m WARNING [0m[0m [33m[33m	跳过加载组件  37/ 82 [Built-In] 物品回收@0.0.1[0m[0m
2023/07/03 20:11:58 [30;43m[30;43m WARNING [0m[0m [33m[33m	跳过加载组件  38/ 82 [Built-In] 玩家互传@0.0.1[0m[0m
2023/07/03 20:11:58 [30;43m[30;43m WARNING [0m[0m [33m[33m	跳过加载组件  39/ 82 [Built-In] 玩家信息@0.0.1[0m[0m
2023/07/03 20:11:59 [30;43m[30;43m WARNING [0m[0m [33m[33m	跳过加载组件  40/ 82 [Built-In] 玩家商店@0.0.1[0m[0m
2023/07/03 20:11:59 [30;43m[30;43m WARNING [0m[0m [33m[33m	跳过加载组件  41/ 82 [Built-In] 玩家留言@0.0.1[0m[0m
2023/07/03 20:11:59 [30;43m[30;43m WARNING [0m[0m [33m[33m	跳过加载组件  42/ 82 [Built-In] 玩家转账@0.0.1[0m[0m
2023/07/03 20:11:59 [30;43m[30;43m WARNING [0m[0m [33m[33m	跳过加载组件  43/ 82 [Built-In] 皮肤检查@0.0.2[0m[0m
2023/07/03 20:11:59 [30;43m[30;43m WARNING [0m[0m [33m[33m	跳过加载组件  44/ 82 [Built-In] 第三方_by温柔_优化版本雪球菜单组件@0.0.1[0m[0m
2023/07/03 20:11:59 [30;43m[30;43m WARNING [0m[0m [33m[33m	跳过加载组件  45/ 82 [Built-In] 第三方_by温柔_地皮组件@0.0.1[0m[0m
2023/07/03 20:11:59 [30;43m[30;43m WARNING [0m[0m [33m[33m	跳过加载组件  46/ 82 [Built-In] 简单自定义指令@0.0.2[0m[0m
2023/07/03 20:11:59 [30;43m[30;43m WARNING [0m[0m [33m[33m	跳过加载组件  47/ 82 [Built-In] 简单自定义指令@0.0.2[0m[0m
2023/07/03 20:11:59 [30;43m[30;43m WARNING [0m[0m [33m[33m	跳过加载组件  48/ 82 [Built-In] 管理员检测@0.0.1[0m[0m
2023/07/03 20:11:59 [30;43m[30;43m WARNING [0m[0m [33m[33m	跳过加载组件  49/ 82 [Built-In] 系统上线提示@0.0.1[0m[0m
2023/07/03 20:11:59 [30;43m[30;43m WARNING [0m[0m [33m[33m	跳过加载组件  50/ 82 [Built-In] 统一导入系统@0.0.4[0m[0m
2023/07/03 20:11:59 [30;43m[30;43m WARNING [0m[0m [33m[33m	跳过加载组件  51/ 82 [Built-In] 统一导出系统@0.0.2[0m[0m
2023/07/03 20:11:59 [30;43m[30;43m WARNING [0m[0m [33m[33m	跳过加载组件  52/ 82 [Built-In] 群服互通@0.0.2[0m[0m
2023/07/03 20:11:59 [30;43m[30;43m WARNING [0m[0m [33m[33m	跳过加载组件  53/ 82 [Built-In] 聊天记录@0.0.1[0m[0m
2023/07/03 20:11:59 [30;43m[30;43m WARNING [0m[0m [33m[33m	跳过加载组件  54/ 82 [Built-In] 自助建筑备份@0.0.1[0m[0m
2023/07/03 20:11:59 [30;43m[30;43m WARNING [0m[0m [33m[33m	跳过加载组件  55/ 82 [Built-In] 自定义传送点@0.0.2[0m[0m
2023/07/03 20:11:59 [30;42m[30;42m SUCCESS [0m[0m [32m[32m	正在加载组件  56/ 82 [Core] 菜单显示@0.0.2[0m[0m
2023/07/03 20:11:59 [30;43m[30;43m WARNING [0m[0m [33m[33m	跳过加载组件  57/ 82 [Built-In] 计分板UID追踪@0.0.1[0m[0m
2023/07/03 20:11:59 [30;43m[30;43m WARNING [0m[0m [33m[33m	跳过加载组件  58/ 82 [Built-In] 计划任务@0.0.1[0m[0m
2023/07/03 20:11:59 [30;43m[30;43m WARNING [0m[0m [33m[33m	跳过加载组件  59/ 82 [Built-In] 计划任务@0.0.1[0m[0m
2023/07/03 20:11:59 [30;43m[30;43m WARNING [0m[0m [33m[33m	跳过加载组件  60/ 82 [Built-In] 计划任务@0.0.1[0m[0m
2023/07/03 20:11:59 [30;43m[30;43m WARNING [0m[0m [33m[33m	跳过加载组件  61/ 82 [Built-In] 计划任务@0.0.1[0m[0m
2023/07/03 20:11:59 [30;43m[30;43m WARNING [0m[0m [33m[33m	跳过加载组件  62/ 82 [Built-In] 踢人@0.0.1[0m[0m
2023/07/03 20:11:59 [30;43m[30;43m WARNING [0m[0m [33m[33m	跳过加载组件  63/ 82 [Built-In] 返回死亡点@0.0.1[0m[0m
2023/07/03 20:11:59 [30;43m[30;43m WARNING [0m[0m [33m[33m	跳过加载组件  64/ 82 [Built-In] 违规昵称检测@0.0.1[0m[0m
2023/07/03 20:11:59 [30;42m[30;42m SUCCESS [0m[0m [32m[32m	正在加载组件  65/ 82 [Core] 随机巡逻@0.0.2[0m[0m
2023/07/03 20:11:59 [30;43m[30;43m WARNING [0m[0m [33m[33m	跳过加载组件  66/ 82 [Built-In] 高频红石检查@0.0.1[0m[0m
2023/07/03 20:11:59 [30;43m[30;43m WARNING [0m[0m [33m[33m	跳过加载组件  67/ 82 [第三方] 2401PT::喵喵喵@0.0.1[0m[0m
2023/07/03 20:11:59 [30;43m[30;43m WARNING [0m[0m [33m[33m	跳过加载组件  68/ 82 [第三方] Happy2018new::记录方块改动日志@0.0.1[0m[0m
2023/07/03 20:11:59 [30;43m[30;43m WARNING [0m[0m [33m[33m	跳过加载组件  69/ 82 [第三方] Liliya233::入睡检测@0.0.1[0m[0m
2023/07/03 20:11:59 [30;43m[30;43m WARNING [0m[0m [33m[33m	跳过加载组件  70/ 82 [第三方] Liliya233::挂机检测@0.0.1[0m[0m
2023/07/03 20:11:59 [30;43m[30;43m WARNING [0m[0m [33m[33m	跳过加载组件  71/ 82 [第三方] Liliya233::能力管理@0.0.1[0m[0m
2023/07/03 20:11:59 [30;43m[30;43m WARNING [0m[0m [33m[33m	跳过加载组件  72/ 82 [第三方] Liliya233::选取方块@0.0.1[0m[0m
2023/07/03 20:11:59 [30;43m[30;43m WARNING [0m[0m [33m[33m	跳过加载组件  73/ 82 [第三方] Liliya233::频服互通@0.0.1[0m[0m
2023/07/03 20:11:59 [30;43m[30;43m WARNING [0m[0m [33m[33m	跳过加载组件  74/ 82 [第三方] 温柔::Pvp系统@0.0.2[0m[0m
2023/07/03 20:11:59 [30;43m[30;43m WARNING [0m[0m [33m[33m	跳过加载组件  75/ 82 [第三方] 温柔::抽奖@0.0.6[0m[0m
2023/07/03 20:11:59 [30;43m[30;43m WARNING [0m[0m [33m[33m	跳过加载组件  76/ 82 [第三方] 温柔::无前缀简单自定义指令@0.0.1[0m[0m
2023/07/03 20:11:59 [30;43m[30;43m WARNING [0m[0m [33m[33m	跳过加载组件  77/ 82 [第三方] 温柔::王国系统@0.0.1[0m[0m
2023/07/03 20:11:59 [30;43m[30;43m WARNING [0m[0m [33m[33m	跳过加载组件  78/ 82 [第三方] 温柔::空岛系统@0.0.1[0m[0m
2023/07/03 20:11:59 [30;43m[30;43m WARNING [0m[0m [33m[33m	跳过加载组件  79/ 82 [第三方] 温柔::自定义附魔升级系统@0.0.1[0m[0m
2023/07/03 20:11:59 [30;43m[30;43m WARNING [0m[0m [33m[33m	跳过加载组件  80/ 82 [第三方] 温柔::虚拟称号系统@0.0.2[0m[0m
2023/07/03 20:11:59 [30;43m[30;43m WARNING [0m[0m [33m[33m	跳过加载组件  81/ 82 [第三方] 温柔::虚拟装备系统@0.0.2[0m[0m
2023/07/03 20:11:59 [30;43m[30;43m WARNING [0m[0m [33m[33m	跳过加载组件  82/ 82 [第三方] 温柔::银行系统@0.0.2[0m[0m
2023/07/03 20:11:59 激活组件并挂载组件 Post Process Task ...
2023/07/03 20:11:59 全部完成，系统启动
2023/07/10 15:47:07 正在保存数据并关闭系统...
2023/07/10 16:04:21 日志系统已可用,开始激活主框架
2023/07/10 16:04:21 固定时区为 CST +8:00
2023/07/10 16:04:21 启用 Omega Reactor 反应核心
2023/07/10 16:04:22 [30;42m[30;42m SUCCESS [0m[0m [32m[32m镜像存档@omega_storage/worlds/current[0m[0m
2023/07/10 16:04:22 读取配置文件中...
2023/07/10 16:04:22 启用 Game Ctrl 模块
2023/07/10 16:04:22 初始化 Context ...
2023/07/10 16:04:22 初始化组件 ...
2023/07/10 16:04:22 [30;42m[30;42m SUCCESS [0m[0m [32m[32m	正在加载组件   1/ 82 [Core] 假死检测@0.0.1[0m[0m
2023/07/10 16:04:22 [30;43m[30;43m WARNING [0m[0m [33m[33m	跳过加载组件   2/ 82 [Built-In] 返回主城@0.0.1[0m[0m
2023/07/10 16:04:22 [30;42m[30;42m SUCCESS [0m[0m [32m[32m	正在加载组件   3/ 82 [Core] 改名记录@0.0.1[0m[0m
2023/07/10 16:04:22 [30;43m[30;43m WARNING [0m[0m [33m[33m	跳过加载组件   4/ 82 [Built-In] 设置重生点@0.0.1[0m[0m
2023/07/10 16:04:22 [30;43m[30;43m WARNING [0m[0m [33m[33m	跳过加载组件   5/ 82 [Built-In] 玩家自杀@0.0.1[0m[0m
2023/07/10 16:04:22 [30;42m[30;42m SUCCESS [0m[0m [32m[32m	正在加载组件   6/ 82 [Built-In] 32k方块检测@0.0.1[0m[0m
2023/07/10 16:04:22 [30;43m[30;43m WARNING [0m[0m [33m[33m	跳过加载组件   7/ 82 [Built-In] OP权限模拟@0.0.1[0m[0m
2023/07/10 16:04:22 [30;42m[30;42m SUCCESS [0m[0m [32m[32m	正在加载组件   8/ 82 [Core] OP权限自检@0.0.1[0m[0m
2023/07/10 16:04:22 [30;42m[30;42m SUCCESS [0m[0m [32m[32m	正在加载组件   9/ 82 [Built-In] OmegaSide旁加载组件系统@0.0.3[0m[0m
2023/07/10 16:04:22 [30;42m[30;42m SUCCESS [0m[0m [32m[32m	正在加载组件  10/ 82 [Core] lua插件支持@0.0.2[0m[0m
2023/07/10 16:04:22 [30;43m[30;43m WARNING [0m[0m [33m[33m	跳过加载组件  11/ 82 [Built-In] 兑换码@0.0.2[0m[0m
2023/07/10 16:04:22 [30;43m[30;43m WARNING [0m[0m [33m[33m	跳过加载组件  12/ 82 [Built-In] 入服欢迎@0.0.1[0m[0m
2023/07/10 16:04:22 [30;43m[30;43m WARNING [0m[0m [33m[33m	跳过加载组件  13/ 82 [Built-In] 切换@0.0.2[0m[0m
2023/07/10 16:04:22 [30;43m[30;43m WARNING [0m[0m [33m[33m	跳过加载组件  14/ 82 [Built-In] 切换@0.0.2[0m[0m
2023/07/10 16:04:22 [30;43m[30;43m WARNING [0m[0m [33m[33m	跳过加载组件  15/ 82 [Built-In] 切换@0.0.2[0m[0m
2023/07/10 16:04:22 [30;43m[30;43m WARNING [0m[0m [33m[33m	跳过加载组件  16/ 82 [Built-In] 刷怪笼检测@0.0.1[0m[0m
2023/07/10 16:04:22 [30;43m[30;43m WARNING [0m[0m [33m[33m	跳过加载组件  17/ 82 [Built-In] 区域扫描@0.0.1[0m[0m
2023/07/10 16:04:22 [30;43m[30;43m WARNING [0m[0m [33m[33m	跳过加载组件  18/ 82 [Built-In] 反馈信息@0.0.1[0m[0m
2023/07/10 16:04:22 [30;43m[30;43m WARNING [0m[0m [33m[33m	跳过加载组件  19/ 82 [Built-In] 发言频率限制@0.0.1[0m[0m
2023/07/10 16:04:22 [30;43m[30;43m WARNING [0m[0m [33m[33m	跳过加载组件  20/ 82 [Built-In] 同步退出@0.0.1[0m[0m
2023/07/10 16:04:22 [30;43m[30;43m WARNING [0m[0m [33m[33m	跳过加载组件  21/ 82 [Built-In] 商店@0.0.1[0m[0m
2023/07/10 16:04:22 [30;43m[30;43m WARNING [0m[0m [33m[33m	跳过加载组件  22/ 82 [Built-In] 存档修复@0.0.1[0m[0m
2023/07/10 16:04:22 [30;43m[30;43m WARNING [0m[0m [33m[33m	跳过加载组件  23/ 82 [Built-In] 封禁时间@0.0.1[0m[0m
2023/07/10 16:04:22 [30;43m[30;43m WARNING [0m[0m [33m[33m	跳过加载组件  24/ 82 [Built-In] 小木斧@0.0.1[0m[0m
2023/07/10 16:04:22 [30;43m[30;43m WARNING [0m[0m [33m[33m	跳过加载组件  25/ 82 [Built-In] 小说阅读器@0.0.1[0m[0m
2023/07/10 16:04:22 [30;43m[30;43m WARNING [0m[0m [33m[33m	跳过加载组件  26/ 82 [Built-In] 快递系统@0.0.1[0m[0m
2023/07/10 16:04:22 [30;42m[30;42m SUCCESS [0m[0m [32m[32m	正在加载组件  27/ 82 [Core] 性能分析@0.0.1[0m[0m
2023/07/10 16:04:22 [30;43m[30;43m WARNING [0m[0m [33m[33m	跳过加载组件  28/ 82 [Built-In] 手持32k检测@0.0.1[0m[0m
2023/07/10 16:04:22 [30;42m[30;42m SUCCESS [0m[0m [32m[32m	正在加载组件  29/ 82 [Core] 指令发送@0.0.2[0m[0m
2023/07/10 16:04:22 [30;43m[30;43m WARNING [0m[0m [33m[33m	跳过加载组件  30/ 82 [Built-In] 排行榜@0.0.2[0m[0m
2023/07/10 16:04:22 [30;43m[30;43m WARNING [0m[0m [33m[33m	跳过加载组件  31/ 82 [Built-In] 数据包捕获@0.0.2[0m[0m
2023/07/10 16:04:22 [30;42m[30;42m SUCCESS [0m[0m [32m[32m	正在加载组件  32/ 82 [Core] 数据库导入导出工具@0.0.1[0m[0m
2023/07/10 16:04:22 [30;43m[30;43m WARNING [0m[0m [33m[33m	跳过加载组件  33/ 82 [Built-In] 时间同步@0.0.1[0m[0m
2023/07/10 16:04:22 [30;43m[30;43m WARNING [0m[0m [33m[33m	跳过加载组件  34/ 82 [Built-In] 服服互通@0.0.5[0m[0m
2023/07/10 16:04:22 [30;43m[30;43m WARNING [0m[0m [33m[33m	跳过加载组件  35/ 82 [Built-In] 每日签到@0.0.1[0m[0m
2023/07/10 16:04:22 [30;43m[30;43m WARNING [0m[0m [33m[33m	跳过加载组件  36/ 82 [Built-In] 消除方块@0.0.1[0m[0m
2023/07/10 16:04:22 [30;43m[30;43m WARNING [0m[0m [33m[33m	跳过加载组件  37/ 82 [Built-In] 物品回收@0.0.1[0m[0m
2023/07/10 16:04:22 [30;43m[30;43m WARNING [0m[0m [33m[33m	跳过加载组件  38/ 82 [Built-In] 玩家互传@0.0.1[0m[0m
2023/07/10 16:04:22 [30;43m[30;43m WARNING [0m[0m [33m[33m	跳过加载组件  39/ 82 [Built-In] 玩家信息@0.0.1[0m[0m
2023/07/10 16:04:22 [30;43m[30;43m WARNING [0m[0m [33m[33m	跳过加载组件  40/ 82 [Built-In] 玩家商店@0.0.1[0m[0m
2023/07/10 16:04:22 [30;43m[30;43m WARNING [0m[0m [33m[33m	跳过加载组件  41/ 82 [Built-In] 玩家留言@0.0.1[0m[0m
2023/07/10 16:04:22 [30;43m[30;43m WARNING [0m[0m [33m[33m	跳过加载组件  42/ 82 [Built-In] 玩家转账@0.0.1[0m[0m
2023/07/10 16:04:22 [30;43m[30;43m WARNING [0m[0m [33m[33m	跳过加载组件  43/ 82 [Built-In] 皮肤检查@0.0.2[0m[0m
2023/07/10 16:04:22 [30;43m[30;43m WARNING [0m[0m [33m[33m	跳过加载组件  44/ 82 [Built-In] 第三方_by温柔_优化版本雪球菜单组件@0.0.1[0m[0m
2023/07/10 16:04:22 [30;43m[30;43m WARNING [0m[0m [33m[33m	跳过加载组件  45/ 82 [Built-In] 第三方_by温柔_地皮组件@0.0.1[0m[0m
2023/07/10 16:04:22 [30;43m[30;43m WARNING [0m[0m [33m[33m	跳过加载组件  46/ 82 [Built-In] 简单自定义指令@0.0.2[0m[0m
2023/07/10 16:04:22 [30;43m[30;43m WARNING [0m[0m [33m[33m	跳过加载组件  47/ 82 [Built-In] 简单自定义指令@0.0.2[0m[0m
2023/07/10 16:04:22 [30;43m[30;43m WARNING [0m[0m [33m[33m	跳过加载组件  48/ 82 [Built-In] 管理员检测@0.0.1[0m[0m
2023/07/10 16:04:22 [30;43m[30;43m WARNING [0m[0m [33m[33m	跳过加载组件  49/ 82 [Built-In] 系统上线提示@0.0.1[0m[0m
2023/07/10 16:04:22 [30;43m[30;43m WARNING [0m[0m [33m[33m	跳过加载组件  50/ 82 [Built-In] 统一导入系统@0.0.4[0m[0m
2023/07/10 16:04:22 [30;43m[30;43m WARNING [0m[0m [33m[33m	跳过加载组件  51/ 82 [Built-In] 统一导出系统@0.0.2[0m[0m
2023/07/10 16:04:22 [30;43m[30;43m WARNING [0m[0m [33m[33m	跳过加载组件  52/ 82 [Built-In] 群服互通@0.0.2[0m[0m
2023/07/10 16:04:22 [30;43m[30;43m WARNING [0m[0m [33m[33m	跳过加载组件  53/ 82 [Built-In] 聊天记录@0.0.1[0m[0m
2023/07/10 16:04:22 [30;43m[30;43m WARNING [0m[0m [33m[33m	跳过加载组件  54/ 82 [Built-In] 自助建筑备份@0.0.1[0m[0m
2023/07/10 16:04:22 [30;43m[30;43m WARNING [0m[0m [33m[33m	跳过加载组件  55/ 82 [Built-In] 自定义传送点@0.0.2[0m[0m
2023/07/10 16:04:22 [30;42m[30;42m SUCCESS [0m[0m [32m[32m	正在加载组件  56/ 82 [Core] 菜单显示@0.0.2[0m[0m
2023/07/10 16:04:22 [30;43m[30;43m WARNING [0m[0m [33m[33m	跳过加载组件  57/ 82 [Built-In] 计分板UID追踪@0.0.1[0m[0m
2023/07/10 16:04:22 [30;43m[30;43m WARNING [0m[0m [33m[33m	跳过加载组件  58/ 82 [Built-In] 计划任务@0.0.1[0m[0m
2023/07/10 16:04:22 [30;43m[30;43m WARNING [0m[0m [33m[33m	跳过加载组件  59/ 82 [Built-In] 计划任务@0.0.1[0m[0m
2023/07/10 16:04:22 [30;43m[30;43m WARNING [0m[0m [33m[33m	跳过加载组件  60/ 82 [Built-In] 计划任务@0.0.1[0m[0m
2023/07/10 16:04:22 [30;43m[30;43m WARNING [0m[0m [33m[33m	跳过加载组件  61/ 82 [Built-In] 计划任务@0.0.1[0m[0m
2023/07/10 16:04:22 [30;43m[30;43m WARNING [0m[0m [33m[33m	跳过加载组件  62/ 82 [Built-In] 踢人@0.0.1[0m[0m
2023/07/10 16:04:22 [30;43m[30;43m WARNING [0m[0m [33m[33m	跳过加载组件  63/ 82 [Built-In] 返回死亡点@0.0.1[0m[0m
2023/07/10 16:04:22 [30;43m[30;43m WARNING [0m[0m [33m[33m	跳过加载组件  64/ 82 [Built-In] 违规昵称检测@0.0.1[0m[0m
2023/07/10 16:04:22 [30;42m[30;42m SUCCESS [0m[0m [32m[32m	正在加载组件  65/ 82 [Core] 随机巡逻@0.0.2[0m[0m
2023/07/10 16:04:22 [30;43m[30;43m WARNING [0m[0m [33m[33m	跳过加载组件  66/ 82 [Built-In] 高频红石检查@0.0.1[0m[0m
2023/07/10 16:04:22 [30;43m[30;43m WARNING [0m[0m [33m[33m	跳过加载组件  67/ 82 [第三方] 2401PT::喵喵喵@0.0.1[0m[0m
2023/07/10 16:04:22 [30;43m[30;43m WARNING [0m[0m [33m[33m	跳过加载组件  68/ 82 [第三方] Happy2018new::记录方块改动日志@0.0.1[0m[0m
2023/07/10 16:04:22 [30;43m[30;43m WARNING [0m[0m [33m[33m	跳过加载组件  69/ 82 [第三方] Liliya233::入睡检测@0.0.1[0m[0m
2023/07/10 16:04:22 [30;43m[30;43m WARNING [0m[0m [33m[33m	跳过加载组件  70/ 82 [第三方] Liliya233::挂机检测@0.0.1[0m[0m
2023/07/10 16:04:22 [30;43m[30;43m WARNING [0m[0m [33m[33m	跳过加载组件  71/ 82 [第三方] Liliya233::能力管理@0.0.1[0m[0m
2023/07/10 16:04:22 [30;43m[30;43m WARNING [0m[0m [33m[33m	跳过加载组件  72/ 82 [第三方] Liliya233::选取方块@0.0.1[0m[0m
2023/07/10 16:04:22 [30;43m[30;43m WARNING [0m[0m [33m[33m	跳过加载组件  73/ 82 [第三方] Liliya233::频服互通@0.0.1[0m[0m
2023/07/10 16:04:22 [30;43m[30;43m WARNING [0m[0m [33m[33m	跳过加载组件  74/ 82 [第三方] 温柔::Pvp系统@0.0.2[0m[0m
2023/07/10 16:04:22 [30;43m[30;43m WARNING [0m[0m [33m[33m	跳过加载组件  75/ 82 [第三方] 温柔::抽奖@0.0.6[0m[0m
2023/07/10 16:04:22 [30;43m[30;43m WARNING [0m[0m [33m[33m	跳过加载组件  76/ 82 [第三方] 温柔::无前缀简单自定义指令@0.0.1[0m[0m
2023/07/10 16:04:22 [30;43m[30;43m WARNING [0m[0m [33m[33m	跳过加载组件  77/ 82 [第三方] 温柔::王国系统@0.0.1[0m[0m
2023/07/10 16:04:22 [30;43m[30;43m WARNING [0m[0m [33m[33m	跳过加载组件  78/ 82 [第三方] 温柔::空岛系统@0.0.1[0m[0m
2023/07/10 16:04:22 [30;43m[30;43m WARNING [0m[0m [33m[33m	跳过加载组件  79/ 82 [第三方] 温柔::自定义附魔升级系统@0.0.1[0m[0m
2023/07/10 16:04:22 [30;43m[30;43m WARNING [0m[0m [33m[33m	跳过加载组件  80/ 82 [第三方] 温柔::虚拟称号系统@0.0.2[0m[0m
2023/07/10 16:04:22 [30;43m[30;43m WARNING [0m[0m [33m[33m	跳过加载组件  81/ 82 [第三方] 温柔::虚拟装备系统@0.0.2[0m[0m
2023/07/10 16:04:22 [30;43m[30;43m WARNING [0m[0m [33m[33m	跳过加载组件  82/ 82 [第三方] 温柔::银行系统@0.0.2[0m[0m
2023/07/10 16:04:22 激活组件并挂载组件 Post Process Task ...
2023/07/10 16:04:22 全部完成，系统启动
2023/07/10 20:25:49 正在保存数据并关闭系统...
2023/07/10 20:26:14 日志系统已可用,开始激活主框架
2023/07/10 20:26:14 固定时区为 CST +8:00
2023/07/10 20:26:14 启用 Omega Reactor 反应核心
2023/07/10 20:26:15 [30;42m[30;42m SUCCESS [0m[0m [32m[32m镜像存档@omega_storage/worlds/current[0m[0m
2023/07/10 20:26:15 读取配置文件中...
2023/07/10 20:26:15 启用 Game Ctrl 模块
2023/07/10 20:26:15 初始化 Context ...
2023/07/10 20:26:15 初始化组件 ...
2023/07/10 20:26:15 [30;42m[30;42m SUCCESS [0m[0m [32m[32m	正在加载组件   1/ 82 [Core] 假死检测@0.0.1[0m[0m
2023/07/10 20:26:15 [30;43m[30;43m WARNING [0m[0m [33m[33m	跳过加载组件   2/ 82 [Built-In] 返回主城@0.0.1[0m[0m
2023/07/10 20:26:15 [30;42m[30;42m SUCCESS [0m[0m [32m[32m	正在加载组件   3/ 82 [Core] 改名记录@0.0.1[0m[0m
2023/07/10 20:26:15 [30;43m[30;43m WARNING [0m[0m [33m[33m	跳过加载组件   4/ 82 [Built-In] 设置重生点@0.0.1[0m[0m
2023/07/10 20:26:15 [30;43m[30;43m WARNING [0m[0m [33m[33m	跳过加载组件   5/ 82 [Built-In] 玩家自杀@0.0.1[0m[0m
2023/07/10 20:26:15 [30;42m[30;42m SUCCESS [0m[0m [32m[32m	正在加载组件   6/ 82 [Built-In] 32k方块检测@0.0.1[0m[0m
2023/07/10 20:26:15 [30;43m[30;43m WARNING [0m[0m [33m[33m	跳过加载组件   7/ 82 [Built-In] OP权限模拟@0.0.1[0m[0m
2023/07/10 20:26:15 [30;42m[30;42m SUCCESS [0m[0m [32m[32m	正在加载组件   8/ 82 [Core] OP权限自检@0.0.1[0m[0m
2023/07/10 20:26:15 [30;42m[30;42m SUCCESS [0m[0m [32m[32m	正在加载组件   9/ 82 [Built-In] OmegaSide旁加载组件系统@0.0.3[0m[0m
2023/07/10 20:26:15 [30;42m[30;42m SUCCESS [0m[0m [32m[32m	正在加载组件  10/ 82 [Core] lua插件支持@0.0.2[0m[0m
2023/07/10 20:26:15 [30;43m[30;43m WARNING [0m[0m [33m[33m	跳过加载组件  11/ 82 [Built-In] 兑换码@0.0.2[0m[0m
2023/07/10 20:26:15 [30;43m[30;43m WARNING [0m[0m [33m[33m	跳过加载组件  12/ 82 [Built-In] 入服欢迎@0.0.1[0m[0m
2023/07/10 20:26:15 [30;43m[30;43m WARNING [0m[0m [33m[33m	跳过加载组件  13/ 82 [Built-In] 切换@0.0.2[0m[0m
2023/07/10 20:26:15 [30;43m[30;43m WARNING [0m[0m [33m[33m	跳过加载组件  14/ 82 [Built-In] 切换@0.0.2[0m[0m
2023/07/10 20:26:15 [30;43m[30;43m WARNING [0m[0m [33m[33m	跳过加载组件  15/ 82 [Built-In] 切换@0.0.2[0m[0m
2023/07/10 20:26:15 [30;43m[30;43m WARNING [0m[0m [33m[33m	跳过加载组件  16/ 82 [Built-In] 刷怪笼检测@0.0.1[0m[0m
2023/07/10 20:26:15 [30;43m[30;43m WARNING [0m[0m [33m[33m	跳过加载组件  17/ 82 [Built-In] 区域扫描@0.0.1[0m[0m
2023/07/10 20:26:15 [30;43m[30;43m WARNING [0m[0m [33m[33m	跳过加载组件  18/ 82 [Built-In] 反馈信息@0.0.1[0m[0m
2023/07/10 20:26:15 [30;43m[30;43m WARNING [0m[0m [33m[33m	跳过加载组件  19/ 82 [Built-In] 发言频率限制@0.0.1[0m[0m
2023/07/10 20:26:15 [30;43m[30;43m WARNING [0m[0m [33m[33m	跳过加载组件  20/ 82 [Built-In] 同步退出@0.0.1[0m[0m
2023/07/10 20:26:15 [30;43m[30;43m WARNING [0m[0m [33m[33m	跳过加载组件  21/ 82 [Built-In] 商店@0.0.1[0m[0m
2023/07/10 20:26:15 [30;43m[30;43m WARNING [0m[0m [33m[33m	跳过加载组件  22/ 82 [Built-In] 存档修复@0.0.1[0m[0m
2023/07/10 20:26:15 [30;43m[30;43m WARNING [0m[0m [33m[33m	跳过加载组件  23/ 82 [Built-In] 封禁时间@0.0.1[0m[0m
2023/07/10 20:26:15 [30;43m[30;43m WARNING [0m[0m [33m[33m	跳过加载组件  24/ 82 [Built-In] 小木斧@0.0.1[0m[0m
2023/07/10 20:26:15 [30;43m[30;43m WARNING [0m[0m [33m[33m	跳过加载组件  25/ 82 [Built-In] 小说阅读器@0.0.1[0m[0m
2023/07/10 20:26:15 [30;43m[30;43m WARNING [0m[0m [33m[33m	跳过加载组件  26/ 82 [Built-In] 快递系统@0.0.1[0m[0m
2023/07/10 20:26:15 [30;42m[30;42m SUCCESS [0m[0m [32m[32m	正在加载组件  27/ 82 [Core] 性能分析@0.0.1[0m[0m
2023/07/10 20:26:15 [30;43m[30;43m WARNING [0m[0m [33m[33m	跳过加载组件  28/ 82 [Built-In] 手持32k检测@0.0.1[0m[0m
2023/07/10 20:26:15 [30;42m[30;42m SUCCESS [0m[0m [32m[32m	正在加载组件  29/ 82 [Core] 指令发送@0.0.2[0m[0m
2023/07/10 20:26:15 [30;43m[30;43m WARNING [0m[0m [33m[33m	跳过加载组件  30/ 82 [Built-In] 排行榜@0.0.2[0m[0m
2023/07/10 20:26:15 [30;43m[30;43m WARNING [0m[0m [33m[33m	跳过加载组件  31/ 82 [Built-In] 数据包捕获@0.0.2[0m[0m
2023/07/10 20:26:15 [30;42m[30;42m SUCCESS [0m[0m [32m[32m	正在加载组件  32/ 82 [Core] 数据库导入导出工具@0.0.1[0m[0m
2023/07/10 20:26:15 [30;43m[30;43m WARNING [0m[0m [33m[33m	跳过加载组件  33/ 82 [Built-In] 时间同步@0.0.1[0m[0m
2023/07/10 20:26:15 [30;43m[30;43m WARNING [0m[0m [33m[33m	跳过加载组件  34/ 82 [Built-In] 服服互通@0.0.5[0m[0m
2023/07/10 20:26:15 [30;43m[30;43m WARNING [0m[0m [33m[33m	跳过加载组件  35/ 82 [Built-In] 每日签到@0.0.1[0m[0m
2023/07/10 20:26:15 [30;43m[30;43m WARNING [0m[0m [33m[33m	跳过加载组件  36/ 82 [Built-In] 消除方块@0.0.1[0m[0m
2023/07/10 20:26:15 [30;43m[30;43m WARNING [0m[0m [33m[33m	跳过加载组件  37/ 82 [Built-In] 物品回收@0.0.1[0m[0m
2023/07/10 20:26:15 [30;43m[30;43m WARNING [0m[0m [33m[33m	跳过加载组件  38/ 82 [Built-In] 玩家互传@0.0.1[0m[0m
2023/07/10 20:26:15 [30;43m[30;43m WARNING [0m[0m [33m[33m	跳过加载组件  39/ 82 [Built-In] 玩家信息@0.0.1[0m[0m
2023/07/10 20:26:15 [30;43m[30;43m WARNING [0m[0m [33m[33m	跳过加载组件  40/ 82 [Built-In] 玩家商店@0.0.1[0m[0m
2023/07/10 20:26:15 [30;43m[30;43m WARNING [0m[0m [33m[33m	跳过加载组件  41/ 82 [Built-In] 玩家留言@0.0.1[0m[0m
2023/07/10 20:26:15 [30;43m[30;43m WARNING [0m[0m [33m[33m	跳过加载组件  42/ 82 [Built-In] 玩家转账@0.0.1[0m[0m
2023/07/10 20:26:15 [30;43m[30;43m WARNING [0m[0m [33m[33m	跳过加载组件  43/ 82 [Built-In] 皮肤检查@0.0.2[0m[0m
2023/07/10 20:26:15 [30;43m[30;43m WARNING [0m[0m [33m[33m	跳过加载组件  44/ 82 [Built-In] 第三方_by温柔_优化版本雪球菜单组件@0.0.1[0m[0m
2023/07/10 20:26:15 [30;43m[30;43m WARNING [0m[0m [33m[33m	跳过加载组件  45/ 82 [Built-In] 第三方_by温柔_地皮组件@0.0.1[0m[0m
2023/07/10 20:26:15 [30;43m[30;43m WARNING [0m[0m [33m[33m	跳过加载组件  46/ 82 [Built-In] 简单自定义指令@0.0.2[0m[0m
2023/07/10 20:26:15 [30;43m[30;43m WARNING [0m[0m [33m[33m	跳过加载组件  47/ 82 [Built-In] 简单自定义指令@0.0.2[0m[0m
2023/07/10 20:26:15 [30;43m[30;43m WARNING [0m[0m [33m[33m	跳过加载组件  48/ 82 [Built-In] 管理员检测@0.0.1[0m[0m
2023/07/10 20:26:15 [30;43m[30;43m WARNING [0m[0m [33m[33m	跳过加载组件  49/ 82 [Built-In] 系统上线提示@0.0.1[0m[0m
2023/07/10 20:26:15 [30;43m[30;43m WARNING [0m[0m [33m[33m	跳过加载组件  50/ 82 [Built-In] 统一导入系统@0.0.4[0m[0m
2023/07/10 20:26:15 [30;43m[30;43m WARNING [0m[0m [33m[33m	跳过加载组件  51/ 82 [Built-In] 统一导出系统@0.0.2[0m[0m
2023/07/10 20:26:15 [30;43m[30;43m WARNING [0m[0m [33m[33m	跳过加载组件  52/ 82 [Built-In] 群服互通@0.0.2[0m[0m
2023/07/10 20:26:15 [30;43m[30;43m WARNING [0m[0m [33m[33m	跳过加载组件  53/ 82 [Built-In] 聊天记录@0.0.1[0m[0m
2023/07/10 20:26:15 [30;43m[30;43m WARNING [0m[0m [33m[33m	跳过加载组件  54/ 82 [Built-In] 自助建筑备份@0.0.1[0m[0m
2023/07/10 20:26:15 [30;43m[30;43m WARNING [0m[0m [33m[33m	跳过加载组件  55/ 82 [Built-In] 自定义传送点@0.0.2[0m[0m
2023/07/10 20:26:15 [30;42m[30;42m SUCCESS [0m[0m [32m[32m	正在加载组件  56/ 82 [Core] 菜单显示@0.0.2[0m[0m
2023/07/10 20:26:15 [30;43m[30;43m WARNING [0m[0m [33m[33m	跳过加载组件  57/ 82 [Built-In] 计分板UID追踪@0.0.1[0m[0m
2023/07/10 20:26:15 [30;43m[30;43m WARNING [0m[0m [33m[33m	跳过加载组件  58/ 82 [Built-In] 计划任务@0.0.1[0m[0m
2023/07/10 20:26:15 [30;43m[30;43m WARNING [0m[0m [33m[33m	跳过加载组件  59/ 82 [Built-In] 计划任务@0.0.1[0m[0m
2023/07/10 20:26:15 [30;43m[30;43m WARNING [0m[0m [33m[33m	跳过加载组件  60/ 82 [Built-In] 计划任务@0.0.1[0m[0m
2023/07/10 20:26:15 [30;43m[30;43m WARNING [0m[0m [33m[33m	跳过加载组件  61/ 82 [Built-In] 计划任务@0.0.1[0m[0m
2023/07/10 20:26:15 [30;43m[30;43m WARNING [0m[0m [33m[33m	跳过加载组件  62/ 82 [Built-In] 踢人@0.0.1[0m[0m
2023/07/10 20:26:15 [30;43m[30;43m WARNING [0m[0m [33m[33m	跳过加载组件  63/ 82 [Built-In] 返回死亡点@0.0.1[0m[0m
2023/07/10 20:26:15 [30;43m[30;43m WARNING [0m[0m [33m[33m	跳过加载组件  64/ 82 [Built-In] 违规昵称检测@0.0.1[0m[0m
2023/07/10 20:26:15 [30;42m[30;42m SUCCESS [0m[0m [32m[32m	正在加载组件  65/ 82 [Core] 随机巡逻@0.0.2[0m[0m
2023/07/10 20:26:15 [30;43m[30;43m WARNING [0m[0m [33m[33m	跳过加载组件  66/ 82 [Built-In] 高频红石检查@0.0.1[0m[0m
2023/07/10 20:26:15 [30;43m[30;43m WARNING [0m[0m [33m[33m	跳过加载组件  67/ 82 [第三方] 2401PT::喵喵喵@0.0.1[0m[0m
2023/07/10 20:26:15 [30;43m[30;43m WARNING [0m[0m [33m[33m	跳过加载组件  68/ 82 [第三方] Happy2018new::记录方块改动日志@0.0.1[0m[0m
2023/07/10 20:26:15 [30;43m[30;43m WARNING [0m[0m [33m[33m	跳过加载组件  69/ 82 [第三方] Liliya233::入睡检测@0.0.1[0m[0m
2023/07/10 20:26:15 [30;43m[30;43m WARNING [0m[0m [33m[33m	跳过加载组件  70/ 82 [第三方] Liliya233::挂机检测@0.0.1[0m[0m
2023/07/10 20:26:15 [30;43m[30;43m WARNING [0m[0m [33m[33m	跳过加载组件  71/ 82 [第三方] Liliya233::能力管理@0.0.1[0m[0m
2023/07/10 20:26:15 [30;43m[30;43m WARNING [0m[0m [33m[33m	跳过加载组件  72/ 82 [第三方] Liliya233::选取方块@0.0.1[0m[0m
2023/07/10 20:26:15 [30;43m[30;43m WARNING [0m[0m [33m[33m	跳过加载组件  73/ 82 [第三方] Liliya233::频服互通@0.0.1[0m[0m
2023/07/10 20:26:15 [30;43m[30;43m WARNING [0m[0m [33m[33m	跳过加载组件  74/ 82 [第三方] 温柔::Pvp系统@0.0.2[0m[0m
2023/07/10 20:26:15 [30;43m[30;43m WARNING [0m[0m [33m[33m	跳过加载组件  75/ 82 [第三方] 温柔::抽奖@0.0.6[0m[0m
2023/07/10 20:26:15 [30;43m[30;43m WARNING [0m[0m [33m[33m	跳过加载组件  76/ 82 [第三方] 温柔::无前缀简单自定义指令@0.0.1[0m[0m
2023/07/10 20:26:15 [30;43m[30;43m WARNING [0m[0m [33m[33m	跳过加载组件  77/ 82 [第三方] 温柔::王国系统@0.0.1[0m[0m
2023/07/10 20:26:15 [30;43m[30;43m WARNING [0m[0m [33m[33m	跳过加载组件  78/ 82 [第三方] 温柔::空岛系统@0.0.1[0m[0m
2023/07/10 20:26:15 [30;43m[30;43m WARNING [0m[0m [33m[33m	跳过加载组件  79/ 82 [第三方] 温柔::自定义附魔升级系统@0.0.1[0m[0m
2023/07/10 20:26:15 [30;43m[30;43m WARNING [0m[0m [33m[33m	跳过加载组件  80/ 82 [第三方] 温柔::虚拟称号系统@0.0.2[0m[0m
2023/07/10 20:26:15 [30;43m[30;43m WARNING [0m[0m [33m[33m	跳过加载组件  81/ 82 [第三方] 温柔::虚拟装备系统@0.0.2[0m[0m
2023/07/10 20:26:15 [30;43m[30;43m WARNING [0m[0m [33m[33m	跳过加载组件  82/ 82 [第三方] 温柔::银行系统@0.0.2[0m[0m
2023/07/10 20:26:15 激活组件并挂载组件 Post Process Task ...
2023/07/10 20:26:15 全部完成，系统启动
2023/07/11 21:02:23 正在保存数据并关闭系统...
2023/07/12 20:39:43 日志系统已可用,开始激活主框架
2023/07/12 20:39:43 固定时区为 CST +8:00
2023/07/12 20:39:43 启用 Omega Reactor 反应核心
2023/07/12 20:39:44 [30;42m[30;42m SUCCESS [0m[0m [32m[32m镜像存档@omega_storage/worlds/current[0m[0m
2023/07/12 20:39:44 读取配置文件中...
2023/07/12 20:39:44 启用 Game Ctrl 模块
2023/07/12 20:39:44 初始化 Context ...
2023/07/12 20:39:44 初始化组件 ...
2023/07/12 20:39:44 [30;42m[30;42m SUCCESS [0m[0m [32m[32m	正在加载组件   1/ 82 [Core] 假死检测@0.0.1[0m[0m
2023/07/12 20:39:44 [30;43m[30;43m WARNING [0m[0m [33m[33m	跳过加载组件   2/ 82 [Built-In] 返回主城@0.0.1[0m[0m
2023/07/12 20:39:44 [30;42m[30;42m SUCCESS [0m[0m [32m[32m	正在加载组件   3/ 82 [Core] 改名记录@0.0.1[0m[0m
2023/07/12 20:39:44 [30;43m[30;43m WARNING [0m[0m [33m[33m	跳过加载组件   4/ 82 [Built-In] 设置重生点@0.0.1[0m[0m
2023/07/12 20:39:44 [30;43m[30;43m WARNING [0m[0m [33m[33m	跳过加载组件   5/ 82 [Built-In] 玩家自杀@0.0.1[0m[0m
2023/07/12 20:39:44 [30;42m[30;42m SUCCESS [0m[0m [32m[32m	正在加载组件   6/ 82 [Built-In] 32k方块检测@0.0.1[0m[0m
2023/07/12 20:39:44 [30;43m[30;43m WARNING [0m[0m [33m[33m	跳过加载组件   7/ 82 [Built-In] OP权限模拟@0.0.1[0m[0m
2023/07/12 20:39:44 [30;42m[30;42m SUCCESS [0m[0m [32m[32m	正在加载组件   8/ 82 [Core] OP权限自检@0.0.1[0m[0m
2023/07/12 20:39:44 [30;42m[30;42m SUCCESS [0m[0m [32m[32m	正在加载组件   9/ 82 [Built-In] OmegaSide旁加载组件系统@0.0.3[0m[0m
2023/07/12 20:39:44 [30;42m[30;42m SUCCESS [0m[0m [32m[32m	正在加载组件  10/ 82 [Core] lua插件支持@0.0.2[0m[0m
2023/07/12 20:39:44 [30;43m[30;43m WARNING [0m[0m [33m[33m	跳过加载组件  11/ 82 [Built-In] 兑换码@0.0.2[0m[0m
2023/07/12 20:39:44 [30;43m[30;43m WARNING [0m[0m [33m[33m	跳过加载组件  12/ 82 [Built-In] 入服欢迎@0.0.1[0m[0m
2023/07/12 20:39:45 [30;43m[30;43m WARNING [0m[0m [33m[33m	跳过加载组件  13/ 82 [Built-In] 切换@0.0.2[0m[0m
2023/07/12 20:39:45 [30;43m[30;43m WARNING [0m[0m [33m[33m	跳过加载组件  14/ 82 [Built-In] 切换@0.0.2[0m[0m
2023/07/12 20:39:45 [30;43m[30;43m WARNING [0m[0m [33m[33m	跳过加载组件  15/ 82 [Built-In] 切换@0.0.2[0m[0m
2023/07/12 20:39:45 [30;43m[30;43m WARNING [0m[0m [33m[33m	跳过加载组件  16/ 82 [Built-In] 刷怪笼检测@0.0.1[0m[0m
2023/07/12 20:39:45 [30;43m[30;43m WARNING [0m[0m [33m[33m	跳过加载组件  17/ 82 [Built-In] 区域扫描@0.0.1[0m[0m
2023/07/12 20:39:45 [30;43m[30;43m WARNING [0m[0m [33m[33m	跳过加载组件  18/ 82 [Built-In] 反馈信息@0.0.1[0m[0m
2023/07/12 20:39:45 [30;43m[30;43m WARNING [0m[0m [33m[33m	跳过加载组件  19/ 82 [Built-In] 发言频率限制@0.0.1[0m[0m
2023/07/12 20:39:45 [30;43m[30;43m WARNING [0m[0m [33m[33m	跳过加载组件  20/ 82 [Built-In] 同步退出@0.0.1[0m[0m
2023/07/12 20:39:45 [30;43m[30;43m WARNING [0m[0m [33m[33m	跳过加载组件  21/ 82 [Built-In] 商店@0.0.1[0m[0m
2023/07/12 20:39:45 [30;43m[30;43m WARNING [0m[0m [33m[33m	跳过加载组件  22/ 82 [Built-In] 存档修复@0.0.1[0m[0m
2023/07/12 20:39:45 [30;43m[30;43m WARNING [0m[0m [33m[33m	跳过加载组件  23/ 82 [Built-In] 封禁时间@0.0.1[0m[0m
2023/07/12 20:39:45 [30;43m[30;43m WARNING [0m[0m [33m[33m	跳过加载组件  24/ 82 [Built-In] 小木斧@0.0.1[0m[0m
2023/07/12 20:39:45 [30;43m[30;43m WARNING [0m[0m [33m[33m	跳过加载组件  25/ 82 [Built-In] 小说阅读器@0.0.1[0m[0m
2023/07/12 20:39:45 [30;43m[30;43m WARNING [0m[0m [33m[33m	跳过加载组件  26/ 82 [Built-In] 快递系统@0.0.1[0m[0m
2023/07/12 20:39:45 [30;42m[30;42m SUCCESS [0m[0m [32m[32m	正在加载组件  27/ 82 [Core] 性能分析@0.0.1[0m[0m
2023/07/12 20:39:45 [30;43m[30;43m WARNING [0m[0m [33m[33m	跳过加载组件  28/ 82 [Built-In] 手持32k检测@0.0.1[0m[0m
2023/07/12 20:39:45 [30;42m[30;42m SUCCESS [0m[0m [32m[32m	正在加载组件  29/ 82 [Core] 指令发送@0.0.2[0m[0m
2023/07/12 20:39:45 [30;43m[30;43m WARNING [0m[0m [33m[33m	跳过加载组件  30/ 82 [Built-In] 排行榜@0.0.2[0m[0m
2023/07/12 20:39:45 [30;43m[30;43m WARNING [0m[0m [33m[33m	跳过加载组件  31/ 82 [Built-In] 数据包捕获@0.0.2[0m[0m
2023/07/12 20:39:45 [30;42m[30;42m SUCCESS [0m[0m [32m[32m	正在加载组件  32/ 82 [Core] 数据库导入导出工具@0.0.1[0m[0m
2023/07/12 20:39:45 [30;43m[30;43m WARNING [0m[0m [33m[33m	跳过加载组件  33/ 82 [Built-In] 时间同步@0.0.1[0m[0m
2023/07/12 20:39:45 [30;43m[30;43m WARNING [0m[0m [33m[33m	跳过加载组件  34/ 82 [Built-In] 服服互通@0.0.5[0m[0m
2023/07/12 20:39:45 [30;43m[30;43m WARNING [0m[0m [33m[33m	跳过加载组件  35/ 82 [Built-In] 每日签到@0.0.1[0m[0m
2023/07/12 20:39:45 [30;43m[30;43m WARNING [0m[0m [33m[33m	跳过加载组件  36/ 82 [Built-In] 消除方块@0.0.1[0m[0m
2023/07/12 20:39:45 [30;43m[30;43m WARNING [0m[0m [33m[33m	跳过加载组件  37/ 82 [Built-In] 物品回收@0.0.1[0m[0m
2023/07/12 20:39:45 [30;43m[30;43m WARNING [0m[0m [33m[33m	跳过加载组件  38/ 82 [Built-In] 玩家互传@0.0.1[0m[0m
2023/07/12 20:39:45 [30;43m[30;43m WARNING [0m[0m [33m[33m	跳过加载组件  39/ 82 [Built-In] 玩家信息@0.0.1[0m[0m
2023/07/12 20:39:45 [30;43m[30;43m WARNING [0m[0m [33m[33m	跳过加载组件  40/ 82 [Built-In] 玩家商店@0.0.1[0m[0m
2023/07/12 20:39:45 [30;43m[30;43m WARNING [0m[0m [33m[33m	跳过加载组件  41/ 82 [Built-In] 玩家留言@0.0.1[0m[0m
2023/07/12 20:39:45 [30;43m[30;43m WARNING [0m[0m [33m[33m	跳过加载组件  42/ 82 [Built-In] 玩家转账@0.0.1[0m[0m
2023/07/12 20:39:45 [30;43m[30;43m WARNING [0m[0m [33m[33m	跳过加载组件  43/ 82 [Built-In] 皮肤检查@0.0.2[0m[0m
2023/07/12 20:39:45 [30;43m[30;43m WARNING [0m[0m [33m[33m	跳过加载组件  44/ 82 [Built-In] 第三方_by温柔_优化版本雪球菜单组件@0.0.1[0m[0m
2023/07/12 20:39:45 [30;43m[30;43m WARNING [0m[0m [33m[33m	跳过加载组件  45/ 82 [Built-In] 第三方_by温柔_地皮组件@0.0.1[0m[0m
2023/07/12 20:39:45 [30;43m[30;43m WARNING [0m[0m [33m[33m	跳过加载组件  46/ 82 [Built-In] 简单自定义指令@0.0.2[0m[0m
2023/07/12 20:39:45 [30;43m[30;43m WARNING [0m[0m [33m[33m	跳过加载组件  47/ 82 [Built-In] 简单自定义指令@0.0.2[0m[0m
2023/07/12 20:39:45 [30;43m[30;43m WARNING [0m[0m [33m[33m	跳过加载组件  48/ 82 [Built-In] 管理员检测@0.0.1[0m[0m
2023/07/12 20:39:45 [30;43m[30;43m WARNING [0m[0m [33m[33m	跳过加载组件  49/ 82 [Built-In] 系统上线提示@0.0.1[0m[0m
2023/07/12 20:39:45 [30;43m[30;43m WARNING [0m[0m [33m[33m	跳过加载组件  50/ 82 [Built-In] 统一导入系统@0.0.4[0m[0m
2023/07/12 20:39:45 [30;43m[30;43m WARNING [0m[0m [33m[33m	跳过加载组件  51/ 82 [Built-In] 统一导出系统@0.0.2[0m[0m
2023/07/12 20:39:45 [30;43m[30;43m WARNING [0m[0m [33m[33m	跳过加载组件  52/ 82 [Built-In] 群服互通@0.0.2[0m[0m
2023/07/12 20:39:45 [30;43m[30;43m WARNING [0m[0m [33m[33m	跳过加载组件  53/ 82 [Built-In] 聊天记录@0.0.1[0m[0m
2023/07/12 20:39:45 [30;43m[30;43m WARNING [0m[0m [33m[33m	跳过加载组件  54/ 82 [Built-In] 自助建筑备份@0.0.1[0m[0m
2023/07/12 20:39:45 [30;43m[30;43m WARNING [0m[0m [33m[33m	跳过加载组件  55/ 82 [Built-In] 自定义传送点@0.0.2[0m[0m
2023/07/12 20:39:45 [30;42m[30;42m SUCCESS [0m[0m [32m[32m	正在加载组件  56/ 82 [Core] 菜单显示@0.0.2[0m[0m
2023/07/12 20:39:45 [30;43m[30;43m WARNING [0m[0m [33m[33m	跳过加载组件  57/ 82 [Built-In] 计分板UID追踪@0.0.1[0m[0m
2023/07/12 20:39:45 [30;43m[30;43m WARNING [0m[0m [33m[33m	跳过加载组件  58/ 82 [Built-In] 计划任务@0.0.1[0m[0m
2023/07/12 20:39:45 [30;43m[30;43m WARNING [0m[0m [33m[33m	跳过加载组件  59/ 82 [Built-In] 计划任务@0.0.1[0m[0m
2023/07/12 20:39:45 [30;43m[30;43m WARNING [0m[0m [33m[33m	跳过加载组件  60/ 82 [Built-In] 计划任务@0.0.1[0m[0m
2023/07/12 20:39:45 [30;43m[30;43m WARNING [0m[0m [33m[33m	跳过加载组件  61/ 82 [Built-In] 计划任务@0.0.1[0m[0m
2023/07/12 20:39:45 [30;43m[30;43m WARNING [0m[0m [33m[33m	跳过加载组件  62/ 82 [Built-In] 踢人@0.0.1[0m[0m
2023/07/12 20:39:45 [30;43m[30;43m WARNING [0m[0m [33m[33m	跳过加载组件  63/ 82 [Built-In] 返回死亡点@0.0.1[0m[0m
2023/07/12 20:39:45 [30;43m[30;43m WARNING [0m[0m [33m[33m	跳过加载组件  64/ 82 [Built-In] 违规昵称检测@0.0.1[0m[0m
2023/07/12 20:39:45 [30;42m[30;42m SUCCESS [0m[0m [32m[32m	正在加载组件  65/ 82 [Core] 随机巡逻@0.0.2[0m[0m
2023/07/12 20:39:45 [30;43m[30;43m WARNING [0m[0m [33m[33m	跳过加载组件  66/ 82 [Built-In] 高频红石检查@0.0.1[0m[0m
2023/07/12 20:39:45 [30;43m[30;43m WARNING [0m[0m [33m[33m	跳过加载组件  67/ 82 [第三方] 2401PT::喵喵喵@0.0.1[0m[0m
2023/07/12 20:39:45 [30;43m[30;43m WARNING [0m[0m [33m[33m	跳过加载组件  68/ 82 [第三方] Happy2018new::记录方块改动日志@0.0.1[0m[0m
2023/07/12 20:39:45 [30;43m[30;43m WARNING [0m[0m [33m[33m	跳过加载组件  69/ 82 [第三方] Liliya233::入睡检测@0.0.1[0m[0m
2023/07/12 20:39:45 [30;43m[30;43m WARNING [0m[0m [33m[33m	跳过加载组件  70/ 82 [第三方] Liliya233::挂机检测@0.0.1[0m[0m
2023/07/12 20:39:45 [30;43m[30;43m WARNING [0m[0m [33m[33m	跳过加载组件  71/ 82 [第三方] Liliya233::能力管理@0.0.1[0m[0m
2023/07/12 20:39:45 [30;43m[30;43m WARNING [0m[0m [33m[33m	跳过加载组件  72/ 82 [第三方] Liliya233::选取方块@0.0.1[0m[0m
2023/07/12 20:39:45 [30;43m[30;43m WARNING [0m[0m [33m[33m	跳过加载组件  73/ 82 [第三方] Liliya233::频服互通@0.0.1[0m[0m
2023/07/12 20:39:45 [30;43m[30;43m WARNING [0m[0m [33m[33m	跳过加载组件  74/ 82 [第三方] 温柔::Pvp系统@0.0.2[0m[0m
2023/07/12 20:39:45 [30;43m[30;43m WARNING [0m[0m [33m[33m	跳过加载组件  75/ 82 [第三方] 温柔::抽奖@0.0.6[0m[0m
2023/07/12 20:39:45 [30;43m[30;43m WARNING [0m[0m [33m[33m	跳过加载组件  76/ 82 [第三方] 温柔::无前缀简单自定义指令@0.0.1[0m[0m
2023/07/12 20:39:45 [30;43m[30;43m WARNING [0m[0m [33m[33m	跳过加载组件  77/ 82 [第三方] 温柔::王国系统@0.0.1[0m[0m
2023/07/12 20:39:45 [30;43m[30;43m WARNING [0m[0m [33m[33m	跳过加载组件  78/ 82 [第三方] 温柔::空岛系统@0.0.1[0m[0m
2023/07/12 20:39:45 [30;43m[30;43m WARNING [0m[0m [33m[33m	跳过加载组件  79/ 82 [第三方] 温柔::自定义附魔升级系统@0.0.1[0m[0m
2023/07/12 20:39:45 [30;43m[30;43m WARNING [0m[0m [33m[33m	跳过加载组件  80/ 82 [第三方] 温柔::虚拟称号系统@0.0.2[0m[0m
2023/07/12 20:39:45 [30;43m[30;43m WARNING [0m[0m [33m[33m	跳过加载组件  81/ 82 [第三方] 温柔::虚拟装备系统@0.0.2[0m[0m
2023/07/12 20:39:45 [30;43m[30;43m WARNING [0m[0m [33m[33m	跳过加载组件  82/ 82 [第三方] 温柔::银行系统@0.0.2[0m[0m
2023/07/12 20:39:45 激活组件并挂载组件 Post Process Task ...
2023/07/12 20:39:45 全部完成，系统启动
2023/07/13 23:53:51 正在保存数据并关闭系统...
2023/07/14 09:44:03 日志系统已可用,开始激活主框架
2023/07/14 09:44:03 固定时区为 CST +8:00
2023/07/14 09:44:03 启用 Omega Reactor 反应核心
2023/07/14 09:44:04 [30;42m[30;42m SUCCESS [0m[0m [32m[32m镜像存档@omega_storage/worlds/current[0m[0m
2023/07/14 09:44:04 读取配置文件中...
2023/07/14 09:44:06 启用 Game Ctrl 模块
2023/07/14 09:44:06 初始化 Context ...
2023/07/14 09:44:06 初始化组件 ...
2023/07/14 09:44:06 [30;42m[30;42m SUCCESS [0m[0m [32m[32m	正在加载组件   1/ 82 [Core] 假死检测@0.0.1[0m[0m
2023/07/14 09:44:06 [30;43m[30;43m WARNING [0m[0m [33m[33m	跳过加载组件   2/ 82 [Built-In] 返回主城@0.0.1[0m[0m
2023/07/14 09:44:06 [30;42m[30;42m SUCCESS [0m[0m [32m[32m	正在加载组件   3/ 82 [Core] 改名记录@0.0.1[0m[0m
2023/07/14 09:44:06 [30;43m[30;43m WARNING [0m[0m [33m[33m	跳过加载组件   4/ 82 [Built-In] 设置重生点@0.0.1[0m[0m
2023/07/14 09:44:06 [30;43m[30;43m WARNING [0m[0m [33m[33m	跳过加载组件   5/ 82 [Built-In] 玩家自杀@0.0.1[0m[0m
2023/07/14 09:44:06 [30;42m[30;42m SUCCESS [0m[0m [32m[32m	正在加载组件   6/ 82 [Built-In] 32k方块检测@0.0.1[0m[0m
2023/07/14 09:44:06 [30;43m[30;43m WARNING [0m[0m [33m[33m	跳过加载组件   7/ 82 [Built-In] OP权限模拟@0.0.1[0m[0m
2023/07/14 09:44:06 [30;42m[30;42m SUCCESS [0m[0m [32m[32m	正在加载组件   8/ 82 [Core] OP权限自检@0.0.1[0m[0m
2023/07/14 09:44:06 [30;42m[30;42m SUCCESS [0m[0m [32m[32m	正在加载组件   9/ 82 [Built-In] OmegaSide旁加载组件系统@0.0.3[0m[0m
2023/07/14 09:44:06 [30;42m[30;42m SUCCESS [0m[0m [32m[32m	正在加载组件  10/ 82 [Core] lua插件支持@0.0.2[0m[0m
2023/07/14 09:44:06 [30;43m[30;43m WARNING [0m[0m [33m[33m	跳过加载组件  11/ 82 [Built-In] 兑换码@0.0.2[0m[0m
2023/07/14 09:44:06 [30;43m[30;43m WARNING [0m[0m [33m[33m	跳过加载组件  12/ 82 [Built-In] 入服欢迎@0.0.1[0m[0m
2023/07/14 09:44:06 [30;43m[30;43m WARNING [0m[0m [33m[33m	跳过加载组件  13/ 82 [Built-In] 切换@0.0.2[0m[0m
2023/07/14 09:44:06 [30;43m[30;43m WARNING [0m[0m [33m[33m	跳过加载组件  14/ 82 [Built-In] 切换@0.0.2[0m[0m
2023/07/14 09:44:06 [30;43m[30;43m WARNING [0m[0m [33m[33m	跳过加载组件  15/ 82 [Built-In] 切换@0.0.2[0m[0m
2023/07/14 09:44:06 [30;43m[30;43m WARNING [0m[0m [33m[33m	跳过加载组件  16/ 82 [Built-In] 刷怪笼检测@0.0.1[0m[0m
2023/07/14 09:44:06 [30;43m[30;43m WARNING [0m[0m [33m[33m	跳过加载组件  17/ 82 [Built-In] 区域扫描@0.0.1[0m[0m
2023/07/14 09:44:06 [30;43m[30;43m WARNING [0m[0m [33m[33m	跳过加载组件  18/ 82 [Built-In] 反馈信息@0.0.1[0m[0m
2023/07/14 09:44:06 [30;43m[30;43m WARNING [0m[0m [33m[33m	跳过加载组件  19/ 82 [Built-In] 发言频率限制@0.0.1[0m[0m
2023/07/14 09:44:06 [30;43m[30;43m WARNING [0m[0m [33m[33m	跳过加载组件  20/ 82 [Built-In] 同步退出@0.0.1[0m[0m
2023/07/14 09:44:06 [30;43m[30;43m WARNING [0m[0m [33m[33m	跳过加载组件  21/ 82 [Built-In] 商店@0.0.1[0m[0m
2023/07/14 09:44:06 [30;43m[30;43m WARNING [0m[0m [33m[33m	跳过加载组件  22/ 82 [Built-In] 存档修复@0.0.1[0m[0m
2023/07/14 09:44:06 [30;43m[30;43m WARNING [0m[0m [33m[33m	跳过加载组件  23/ 82 [Built-In] 封禁时间@0.0.1[0m[0m
2023/07/14 09:44:06 [30;43m[30;43m WARNING [0m[0m [33m[33m	跳过加载组件  24/ 82 [Built-In] 小木斧@0.0.1[0m[0m
2023/07/14 09:44:06 [30;43m[30;43m WARNING [0m[0m [33m[33m	跳过加载组件  25/ 82 [Built-In] 小说阅读器@0.0.1[0m[0m
2023/07/14 09:44:06 [30;43m[30;43m WARNING [0m[0m [33m[33m	跳过加载组件  26/ 82 [Built-In] 快递系统@0.0.1[0m[0m
2023/07/14 09:44:06 [30;42m[30;42m SUCCESS [0m[0m [32m[32m	正在加载组件  27/ 82 [Core] 性能分析@0.0.1[0m[0m
2023/07/14 09:44:06 [30;43m[30;43m WARNING [0m[0m [33m[33m	跳过加载组件  28/ 82 [Built-In] 手持32k检测@0.0.1[0m[0m
2023/07/14 09:44:06 [30;42m[30;42m SUCCESS [0m[0m [32m[32m	正在加载组件  29/ 82 [Core] 指令发送@0.0.2[0m[0m
2023/07/14 09:44:06 [30;43m[30;43m WARNING [0m[0m [33m[33m	跳过加载组件  30/ 82 [Built-In] 排行榜@0.0.2[0m[0m
2023/07/14 09:44:06 [30;43m[30;43m WARNING [0m[0m [33m[33m	跳过加载组件  31/ 82 [Built-In] 数据包捕获@0.0.2[0m[0m
2023/07/14 09:44:06 [30;42m[30;42m SUCCESS [0m[0m [32m[32m	正在加载组件  32/ 82 [Core] 数据库导入导出工具@0.0.1[0m[0m
2023/07/14 09:44:06 [30;43m[30;43m WARNING [0m[0m [33m[33m	跳过加载组件  33/ 82 [Built-In] 时间同步@0.0.1[0m[0m
2023/07/14 09:44:06 [30;43m[30;43m WARNING [0m[0m [33m[33m	跳过加载组件  34/ 82 [Built-In] 服服互通@0.0.5[0m[0m
2023/07/14 09:44:06 [30;43m[30;43m WARNING [0m[0m [33m[33m	跳过加载组件  35/ 82 [Built-In] 每日签到@0.0.1[0m[0m
2023/07/14 09:44:06 [30;43m[30;43m WARNING [0m[0m [33m[33m	跳过加载组件  36/ 82 [Built-In] 消除方块@0.0.1[0m[0m
2023/07/14 09:44:06 [30;43m[30;43m WARNING [0m[0m [33m[33m	跳过加载组件  37/ 82 [Built-In] 物品回收@0.0.1[0m[0m
2023/07/14 09:44:06 [30;43m[30;43m WARNING [0m[0m [33m[33m	跳过加载组件  38/ 82 [Built-In] 玩家互传@0.0.1[0m[0m
2023/07/14 09:44:06 [30;43m[30;43m WARNING [0m[0m [33m[33m	跳过加载组件  39/ 82 [Built-In] 玩家信息@0.0.1[0m[0m
2023/07/14 09:44:06 [30;43m[30;43m WARNING [0m[0m [33m[33m	跳过加载组件  40/ 82 [Built-In] 玩家商店@0.0.1[0m[0m
2023/07/14 09:44:06 [30;43m[30;43m WARNING [0m[0m [33m[33m	跳过加载组件  41/ 82 [Built-In] 玩家留言@0.0.1[0m[0m
2023/07/14 09:44:06 [30;43m[30;43m WARNING [0m[0m [33m[33m	跳过加载组件  42/ 82 [Built-In] 玩家转账@0.0.1[0m[0m
2023/07/14 09:44:06 [30;43m[30;43m WARNING [0m[0m [33m[33m	跳过加载组件  43/ 82 [Built-In] 皮肤检查@0.0.2[0m[0m
2023/07/14 09:44:06 [30;43m[30;43m WARNING [0m[0m [33m[33m	跳过加载组件  44/ 82 [Built-In] 第三方_by温柔_优化版本雪球菜单组件@0.0.1[0m[0m
2023/07/14 09:44:06 [30;43m[30;43m WARNING [0m[0m [33m[33m	跳过加载组件  45/ 82 [Built-In] 第三方_by温柔_地皮组件@0.0.1[0m[0m
2023/07/14 09:44:06 [30;43m[30;43m WARNING [0m[0m [33m[33m	跳过加载组件  46/ 82 [Built-In] 简单自定义指令@0.0.2[0m[0m
2023/07/14 09:44:06 [30;43m[30;43m WARNING [0m[0m [33m[33m	跳过加载组件  47/ 82 [Built-In] 简单自定义指令@0.0.2[0m[0m
2023/07/14 09:44:06 [30;43m[30;43m WARNING [0m[0m [33m[33m	跳过加载组件  48/ 82 [Built-In] 管理员检测@0.0.1[0m[0m
2023/07/14 09:44:06 [30;43m[30;43m WARNING [0m[0m [33m[33m	跳过加载组件  49/ 82 [Built-In] 系统上线提示@0.0.1[0m[0m
2023/07/14 09:44:06 [30;43m[30;43m WARNING [0m[0m [33m[33m	跳过加载组件  50/ 82 [Built-In] 统一导入系统@0.0.4[0m[0m
2023/07/14 09:44:06 [30;43m[30;43m WARNING [0m[0m [33m[33m	跳过加载组件  51/ 82 [Built-In] 统一导出系统@0.0.2[0m[0m
2023/07/14 09:44:06 [30;43m[30;43m WARNING [0m[0m [33m[33m	跳过加载组件  52/ 82 [Built-In] 群服互通@0.0.2[0m[0m
2023/07/14 09:44:06 [30;43m[30;43m WARNING [0m[0m [33m[33m	跳过加载组件  53/ 82 [Built-In] 聊天记录@0.0.1[0m[0m
2023/07/14 09:44:06 [30;43m[30;43m WARNING [0m[0m [33m[33m	跳过加载组件  54/ 82 [Built-In] 自助建筑备份@0.0.1[0m[0m
2023/07/14 09:44:06 [30;43m[30;43m WARNING [0m[0m [33m[33m	跳过加载组件  55/ 82 [Built-In] 自定义传送点@0.0.2[0m[0m
2023/07/14 09:44:06 [30;42m[30;42m SUCCESS [0m[0m [32m[32m	正在加载组件  56/ 82 [Core] 菜单显示@0.0.2[0m[0m
2023/07/14 09:44:06 [30;43m[30;43m WARNING [0m[0m [33m[33m	跳过加载组件  57/ 82 [Built-In] 计分板UID追踪@0.0.1[0m[0m
2023/07/14 09:44:06 [30;43m[30;43m WARNING [0m[0m [33m[33m	跳过加载组件  58/ 82 [Built-In] 计划任务@0.0.1[0m[0m
2023/07/14 09:44:06 [30;43m[30;43m WARNING [0m[0m [33m[33m	跳过加载组件  59/ 82 [Built-In] 计划任务@0.0.1[0m[0m
2023/07/14 09:44:06 [30;43m[30;43m WARNING [0m[0m [33m[33m	跳过加载组件  60/ 82 [Built-In] 计划任务@0.0.1[0m[0m
2023/07/14 09:44:06 [30;43m[30;43m WARNING [0m[0m [33m[33m	跳过加载组件  61/ 82 [Built-In] 计划任务@0.0.1[0m[0m
2023/07/14 09:44:06 [30;43m[30;43m WARNING [0m[0m [33m[33m	跳过加载组件  62/ 82 [Built-In] 踢人@0.0.1[0m[0m
2023/07/14 09:44:06 [30;43m[30;43m WARNING [0m[0m [33m[33m	跳过加载组件  63/ 82 [Built-In] 返回死亡点@0.0.1[0m[0m
2023/07/14 09:44:06 [30;43m[30;43m WARNING [0m[0m [33m[33m	跳过加载组件  64/ 82 [Built-In] 违规昵称检测@0.0.1[0m[0m
2023/07/14 09:44:06 [30;42m[30;42m SUCCESS [0m[0m [32m[32m	正在加载组件  65/ 82 [Core] 随机巡逻@0.0.2[0m[0m
2023/07/14 09:44:06 [30;43m[30;43m WARNING [0m[0m [33m[33m	跳过加载组件  66/ 82 [Built-In] 高频红石检查@0.0.1[0m[0m
2023/07/14 09:44:06 [30;43m[30;43m WARNING [0m[0m [33m[33m	跳过加载组件  67/ 82 [第三方] 2401PT::喵喵喵@0.0.1[0m[0m
2023/07/14 09:44:06 [30;43m[30;43m WARNING [0m[0m [33m[33m	跳过加载组件  68/ 82 [第三方] Happy2018new::记录方块改动日志@0.0.1[0m[0m
2023/07/14 09:44:06 [30;43m[30;43m WARNING [0m[0m [33m[33m	跳过加载组件  69/ 82 [第三方] Liliya233::入睡检测@0.0.1[0m[0m
2023/07/14 09:44:06 [30;43m[30;43m WARNING [0m[0m [33m[33m	跳过加载组件  70/ 82 [第三方] Liliya233::挂机检测@0.0.1[0m[0m
2023/07/14 09:44:06 [30;43m[30;43m WARNING [0m[0m [33m[33m	跳过加载组件  71/ 82 [第三方] Liliya233::能力管理@0.0.1[0m[0m
2023/07/14 09:44:06 [30;43m[30;43m WARNING [0m[0m [33m[33m	跳过加载组件  72/ 82 [第三方] Liliya233::选取方块@0.0.1[0m[0m
2023/07/14 09:44:06 [30;43m[30;43m WARNING [0m[0m [33m[33m	跳过加载组件  73/ 82 [第三方] Liliya233::频服互通@0.0.1[0m[0m
2023/07/14 09:44:06 [30;43m[30;43m WARNING [0m[0m [33m[33m	跳过加载组件  74/ 82 [第三方] 温柔::Pvp系统@0.0.2[0m[0m
2023/07/14 09:44:06 [30;43m[30;43m WARNING [0m[0m [33m[33m	跳过加载组件  75/ 82 [第三方] 温柔::抽奖@0.0.6[0m[0m
2023/07/14 09:44:06 [30;43m[30;43m WARNING [0m[0m [33m[33m	跳过加载组件  76/ 82 [第三方] 温柔::无前缀简单自定义指令@0.0.1[0m[0m
2023/07/14 09:44:06 [30;43m[30;43m WARNING [0m[0m [33m[33m	跳过加载组件  77/ 82 [第三方] 温柔::王国系统@0.0.1[0m[0m
2023/07/14 09:44:06 [30;43m[30;43m WARNING [0m[0m [33m[33m	跳过加载组件  78/ 82 [第三方] 温柔::空岛系统@0.0.1[0m[0m
2023/07/14 09:44:06 [30;43m[30;43m WARNING [0m[0m [33m[33m	跳过加载组件  79/ 82 [第三方] 温柔::自定义附魔升级系统@0.0.1[0m[0m
2023/07/14 09:44:06 [30;43m[30;43m WARNING [0m[0m [33m[33m	跳过加载组件  80/ 82 [第三方] 温柔::虚拟称号系统@0.0.2[0m[0m
2023/07/14 09:44:06 [30;43m[30;43m WARNING [0m[0m [33m[33m	跳过加载组件  81/ 82 [第三方] 温柔::虚拟装备系统@0.0.2[0m[0m
2023/07/14 09:44:06 [30;43m[30;43m WARNING [0m[0m [33m[33m	跳过加载组件  82/ 82 [第三方] 温柔::银行系统@0.0.2[0m[0m
2023/07/14 09:44:06 激活组件并挂载组件 Post Process Task ...
2023/07/14 09:44:06 全部完成，系统启动
